* installing *source* package 'MGDrivE' ...
** using staged installation
** libs

*** arch - i386
C:/RBuildTools/3.5/mingw_32/bin/g++  -I"C:/PROGRA~1/R/R-36~1.1/include" -DNDEBUG  -I"C:/Users/browne40/Documents/R/win-library/3.6/Rcpp/include"        -O2 -Wall  -mtune=generic -c MGDrivE-Auxilary.cpp -o MGDrivE-Auxilary.o
C:/RBuildTools/3.5/mingw_32/bin/g++  -I"C:/PROGRA~1/R/R-36~1.1/include" -DNDEBUG  -I"C:/Users/browne40/Documents/R/win-library/3.6/Rcpp/include"        -O2 -Wall  -mtune=generic -c MGDrivE-DistanceFunctions.cpp -o MGDrivE-DistanceFunctions.o
C:/RBuildTools/3.5/mingw_32/bin/g++  -I"C:/PROGRA~1/R/R-36~1.1/include" -DNDEBUG  -I"C:/Users/browne40/Documents/R/win-library/3.6/Rcpp/include"        -O2 -Wall  -mtune=generic -c MGDrivE-Kernels.cpp -o MGDrivE-Kernels.o
C:/RBuildTools/3.5/mingw_32/bin/g++  -I"C:/PROGRA~1/R/R-36~1.1/include" -DNDEBUG  -I"C:/Users/browne40/Documents/R/win-library/3.6/Rcpp/include"        -O2 -Wall  -mtune=generic -c RcppExports.cpp -o RcppExports.o
C:/RBuildTools/3.5/mingw_32/bin/g++ -shared -s -static-libgcc -o MGDrivE.dll tmp.def MGDrivE-Auxilary.o MGDrivE-DistanceFunctions.o MGDrivE-Kernels.o RcppExports.o -LC:/PROGRA~1/R/R-36~1.1/bin/i386 -lR
Warning messages:
1: In FUN(X[[i]], ...) : this requires 'nm' to be on the PATH
2: In FUN(X[[i]], ...) : this requires 'nm' to be on the PATH
3: In FUN(X[[i]], ...) : this requires 'nm' to be on the PATH
4: In FUN(X[[i]], ...) : this requires 'nm' to be on the PATH
installing to C:/Users/browne40/Documents/GitHub/MGDrivE/MGDrivE.Rcheck/00LOCK-MGDrivE/00new/MGDrivE/libs/i386

*** arch - x64
C:/RBuildTools/3.5/mingw_64/bin/g++  -I"C:/PROGRA~1/R/R-36~1.1/include" -DNDEBUG  -I"C:/Users/browne40/Documents/R/win-library/3.6/Rcpp/include"        -O2 -Wall  -mtune=generic -c MGDrivE-Auxilary.cpp -o MGDrivE-Auxilary.o
C:/RBuildTools/3.5/mingw_64/bin/g++  -I"C:/PROGRA~1/R/R-36~1.1/include" -DNDEBUG  -I"C:/Users/browne40/Documents/R/win-library/3.6/Rcpp/include"        -O2 -Wall  -mtune=generic -c MGDrivE-DistanceFunctions.cpp -o MGDrivE-DistanceFunctions.o
C:/RBuildTools/3.5/mingw_64/bin/g++  -I"C:/PROGRA~1/R/R-36~1.1/include" -DNDEBUG  -I"C:/Users/browne40/Documents/R/win-library/3.6/Rcpp/include"        -O2 -Wall  -mtune=generic -c MGDrivE-Kernels.cpp -o MGDrivE-Kernels.o
C:/RBuildTools/3.5/mingw_64/bin/g++  -I"C:/PROGRA~1/R/R-36~1.1/include" -DNDEBUG  -I"C:/Users/browne40/Documents/R/win-library/3.6/Rcpp/include"        -O2 -Wall  -mtune=generic -c RcppExports.cpp -o RcppExports.o
C:/RBuildTools/3.5/mingw_64/bin/g++ -shared -s -static-libgcc -o MGDrivE.dll tmp.def MGDrivE-Auxilary.o MGDrivE-DistanceFunctions.o MGDrivE-Kernels.o RcppExports.o -LC:/PROGRA~1/R/R-36~1.1/bin/x64 -lR
Warning messages:
1: In FUN(X[[i]], ...) : this requires 'nm' to be on the PATH
2: In FUN(X[[i]], ...) : this requires 'nm' to be on the PATH
3: In FUN(X[[i]], ...) : this requires 'nm' to be on the PATH
4: In FUN(X[[i]], ...) : this requires 'nm' to be on the PATH
installing to C:/Users/browne40/Documents/GitHub/MGDrivE/MGDrivE.Rcheck/00LOCK-MGDrivE/00new/MGDrivE/libs/x64
** R
** data
*** moving datasets to lazyload DB
** inst
** byte-compile and prepare package for lazy loading
** help
*** installing help indices
** building package indices
** testing if installed package can be loaded from temporary location
*** arch - i386
*** arch - x64
** testing if installed package can be loaded from final location
*** arch - i386
*** arch - x64
** testing if installed package keeps a record of temporary installation path
* DONE (MGDrivE)
